  [1m[36mActiveRecord::SchemaMigration Load (0.6ms)[0m  [1m[34mSELECT "schema_migrations".* FROM "schema_migrations"[0m
  [1m[35m (0.8ms)[0m  [1m[34mSELECT "ar_internal_metadata"."value" FROM "ar_internal_metadata" WHERE "ar_internal_metadata"."key" = ?[0m  [["key", "environment"]]
  [1m[36mActiveRecord::SchemaMigration Load (0.2ms)[0m  [1m[34mSELECT "schema_migrations".* FROM "schema_migrations"[0m
  [1m[35m (0.1ms)[0m  [1m[34mSELECT "ar_internal_metadata"."value" FROM "ar_internal_metadata" WHERE "ar_internal_metadata"."key" = ?[0m  [["key", "environment"]]
  [1m[36mActiveRecord::SchemaMigration Load (0.1ms)[0m  [1m[34mSELECT "schema_migrations".* FROM "schema_migrations"[0m
  [1m[35m (0.1ms)[0m  [1m[34mSELECT "ar_internal_metadata"."value" FROM "ar_internal_metadata" WHERE "ar_internal_metadata"."key" = ?[0m  [["key", "environment"]]
DEPRECATION WARNING: Passing #original_exception is deprecated and has no effect. Exceptions will automatically capture the original exception. (called from require at /Users/michaelgraham/Desktop/fitcity/fitcityxt/bin/rails:9)
  [1m[35m (2.5ms)[0m  [1m[35mCREATE TABLE "schema_migrations" ("version" varchar NOT NULL PRIMARY KEY)[0m
  [1m[35m (1.1ms)[0m  [1m[35mCREATE TABLE "ar_internal_metadata" ("key" varchar NOT NULL PRIMARY KEY, "value" varchar, "created_at" datetime NOT NULL, "updated_at" datetime NOT NULL)[0m
  [1m[36mActiveRecord::InternalMetadata Load (0.1ms)[0m  [1m[34mSELECT  "ar_internal_metadata".* FROM "ar_internal_metadata" WHERE "ar_internal_metadata"."key" = ? LIMIT ?[0m  [["key", "environment"], ["LIMIT", 1]]
  [1m[35m (0.0ms)[0m  [1m[36mbegin transaction[0m
  [1m[35mSQL (0.3ms)[0m  [1m[32mINSERT INTO "ar_internal_metadata" ("key", "value", "created_at", "updated_at") VALUES (?, ?, ?, ?)[0m  [["key", "environment"], ["value", "development"], ["created_at", "2018-07-20 20:02:56.551180"], ["updated_at", "2018-07-20 20:02:56.551180"]]
  [1m[35m (2.5ms)[0m  [1m[36mcommit transaction[0m
  [1m[36mActiveRecord::SchemaMigration Load (0.1ms)[0m  [1m[34mSELECT "schema_migrations".* FROM "schema_migrations"[0m
  [1m[36mActiveRecord::SchemaMigration Load (0.1ms)[0m  [1m[34mSELECT "schema_migrations".* FROM "schema_migrations"[0m
Started GET "/" for 127.0.0.1 at 2018-07-20 15:04:37 -0500

NameError - uninitialized constant PagesController:

Started POST "/__better_errors/9cfef8cb9114a590/variables" for 127.0.0.1 at 2018-07-20 15:04:37 -0500
Started GET "/" for 127.0.0.1 at 2018-07-20 15:05:37 -0500
Processing by PagesController#home as HTML
Completed 500 Internal Server Error in 37ms (ActiveRecord: 3.1ms)



ActiveRecord::StatementInvalid - Could not find table 'users':

Started POST "/__better_errors/768836741120e670/variables" for 127.0.0.1 at 2018-07-20 15:05:37 -0500
  [1m[36mActiveRecord::SchemaMigration Load (0.3ms)[0m  [1m[34mSELECT "schema_migrations".* FROM "schema_migrations"[0m
  [1m[36mActiveRecord::SchemaMigration Load (0.1ms)[0m  [1m[34mSELECT "schema_migrations".* FROM "schema_migrations"[0m
DEPRECATION WARNING: Passing #original_exception is deprecated and has no effect. Exceptions will automatically capture the original exception. (called from require at /Users/michaelgraham/Desktop/fitcity/fitcityxt/bin/rails:9)
  [1m[35m (3.6ms)[0m  [1m[35mCREATE TABLE "users" ("id" INTEGER PRIMARY KEY AUTOINCREMENT NOT NULL, "email" varchar DEFAULT '' NOT NULL, "encrypted_password" varchar DEFAULT '' NOT NULL, "reset_password_token" varchar, "reset_password_sent_at" datetime, "remember_created_at" datetime, "sign_in_count" integer DEFAULT 0 NOT NULL, "current_sign_in_at" datetime, "last_sign_in_at" datetime, "current_sign_in_ip" varchar, "last_sign_in_ip" varchar, "created_at" datetime NOT NULL, "updated_at" datetime NOT NULL, "role" integer, "first_name" varchar, "last_name" varchar, "username" varchar, "display_name" varchar, "ldap" boolean)[0m
  [1m[35m (0.1ms)[0m  [1m[34mselect sqlite_version(*)[0m
  [1m[35m (0.9ms)[0m  [1m[35mCREATE UNIQUE INDEX "index_users_on_email" ON "users" ("email")[0m
  [1m[35m (0.4ms)[0m  [1m[34m            SELECT sql
            FROM sqlite_master
            WHERE name='index_users_on_email' AND type='index'
            UNION ALL
            SELECT sql
            FROM sqlite_temp_master
            WHERE name='index_users_on_email' AND type='index'
[0m
  [1m[35m (0.8ms)[0m  [1m[35mCREATE UNIQUE INDEX "index_users_on_reset_password_token" ON "users" ("reset_password_token")[0m
  [1m[35m (2.4ms)[0m  [1m[35mCREATE TABLE "schema_migrations" ("version" varchar NOT NULL PRIMARY KEY)[0m
  [1m[35m (0.2ms)[0m  [1m[34mSELECT version FROM "schema_migrations"[0m
  [1m[35m (0.8ms)[0m  [1m[32mINSERT INTO "schema_migrations" (version) VALUES (0)[0m
  [1m[35m (1.0ms)[0m  [1m[35mCREATE TABLE "ar_internal_metadata" ("key" varchar NOT NULL PRIMARY KEY, "value" varchar, "created_at" datetime NOT NULL, "updated_at" datetime NOT NULL)[0m
  [1m[36mActiveRecord::InternalMetadata Load (0.2ms)[0m  [1m[34mSELECT  "ar_internal_metadata".* FROM "ar_internal_metadata" WHERE "ar_internal_metadata"."key" = ? LIMIT ?[0m  [["key", "environment"], ["LIMIT", 1]]
  [1m[35m (0.1ms)[0m  [1m[36mbegin transaction[0m
  [1m[35mSQL (0.3ms)[0m  [1m[32mINSERT INTO "ar_internal_metadata" ("key", "value", "created_at", "updated_at") VALUES (?, ?, ?, ?)[0m  [["key", "environment"], ["value", "development"], ["created_at", "2018-07-20 20:09:13.292568"], ["updated_at", "2018-07-20 20:09:13.292568"]]
  [1m[35m (0.6ms)[0m  [1m[36mcommit transaction[0m
  [1m[36mActiveRecord::InternalMetadata Load (0.1ms)[0m  [1m[34mSELECT  "ar_internal_metadata".* FROM "ar_internal_metadata" WHERE "ar_internal_metadata"."key" = ? LIMIT ?[0m  [["key", "environment"], ["LIMIT", 1]]
  [1m[35m (0.1ms)[0m  [1m[36mbegin transaction[0m
  [1m[35m (0.0ms)[0m  [1m[36mcommit transaction[0m
  [1m[35m (1.0ms)[0m  [1m[35mCREATE TABLE "users" ("id" INTEGER PRIMARY KEY AUTOINCREMENT NOT NULL, "email" varchar DEFAULT '' NOT NULL, "encrypted_password" varchar DEFAULT '' NOT NULL, "reset_password_token" varchar, "reset_password_sent_at" datetime, "remember_created_at" datetime, "sign_in_count" integer DEFAULT 0 NOT NULL, "current_sign_in_at" datetime, "last_sign_in_at" datetime, "current_sign_in_ip" varchar, "last_sign_in_ip" varchar, "created_at" datetime NOT NULL, "updated_at" datetime NOT NULL, "role" integer, "first_name" varchar, "last_name" varchar, "username" varchar, "display_name" varchar, "ldap" boolean)[0m
  [1m[35m (0.1ms)[0m  [1m[34mselect sqlite_version(*)[0m
  [1m[35m (0.7ms)[0m  [1m[35mCREATE UNIQUE INDEX "index_users_on_email" ON "users" ("email")[0m
  [1m[35m (0.1ms)[0m  [1m[34m            SELECT sql
            FROM sqlite_master
            WHERE name='index_users_on_email' AND type='index'
            UNION ALL
            SELECT sql
            FROM sqlite_temp_master
            WHERE name='index_users_on_email' AND type='index'
[0m
  [1m[35m (0.7ms)[0m  [1m[35mCREATE UNIQUE INDEX "index_users_on_reset_password_token" ON "users" ("reset_password_token")[0m
  [1m[35m (0.9ms)[0m  [1m[35mCREATE TABLE "schema_migrations" ("version" varchar NOT NULL PRIMARY KEY)[0m
  [1m[35m (0.1ms)[0m  [1m[34mSELECT version FROM "schema_migrations"[0m
  [1m[35m (0.6ms)[0m  [1m[32mINSERT INTO "schema_migrations" (version) VALUES (0)[0m
  [1m[35m (0.7ms)[0m  [1m[35mCREATE TABLE "ar_internal_metadata" ("key" varchar NOT NULL PRIMARY KEY, "value" varchar, "created_at" datetime NOT NULL, "updated_at" datetime NOT NULL)[0m
  [1m[36mActiveRecord::InternalMetadata Load (0.1ms)[0m  [1m[34mSELECT  "ar_internal_metadata".* FROM "ar_internal_metadata" WHERE "ar_internal_metadata"."key" = ? LIMIT ?[0m  [["key", "environment"], ["LIMIT", 1]]
  [1m[35m (0.0ms)[0m  [1m[36mbegin transaction[0m
  [1m[35mSQL (0.2ms)[0m  [1m[32mINSERT INTO "ar_internal_metadata" ("key", "value", "created_at", "updated_at") VALUES (?, ?, ?, ?)[0m  [["key", "environment"], ["value", "development"], ["created_at", "2018-07-20 20:09:13.310783"], ["updated_at", "2018-07-20 20:09:13.310783"]]
  [1m[35m (0.6ms)[0m  [1m[36mcommit transaction[0m
  [1m[36mActiveRecord::InternalMetadata Load (0.1ms)[0m  [1m[34mSELECT  "ar_internal_metadata".* FROM "ar_internal_metadata" WHERE "ar_internal_metadata"."key" = ? LIMIT ?[0m  [["key", "environment"], ["LIMIT", 1]]
  [1m[35m (0.0ms)[0m  [1m[36mbegin transaction[0m
  [1m[35mSQL (0.3ms)[0m  [1m[33mUPDATE "ar_internal_metadata" SET "value" = ?, "updated_at" = ? WHERE "ar_internal_metadata"."key" = ?[0m  [["value", "test"], ["updated_at", "2018-07-20 20:09:13.313842"], ["key", "environment"]]
  [1m[35m (0.6ms)[0m  [1m[36mcommit transaction[0m
  [1m[36mActiveRecord::SchemaMigration Load (0.1ms)[0m  [1m[34mSELECT "schema_migrations".* FROM "schema_migrations"[0m
  [1m[36mActiveRecord::SchemaMigration Load (0.3ms)[0m  [1m[34mSELECT "schema_migrations".* FROM "schema_migrations"[0m
  [1m[36mActiveRecord::SchemaMigration Load (0.1ms)[0m  [1m[34mSELECT "schema_migrations".* FROM "schema_migrations"[0m
  [1m[35m (3.2ms)[0m  [1m[35mCREATE TABLE "users" ("id" INTEGER PRIMARY KEY AUTOINCREMENT NOT NULL, "email" varchar DEFAULT '' NOT NULL, "encrypted_password" varchar DEFAULT '' NOT NULL, "reset_password_token" varchar, "reset_password_sent_at" datetime, "remember_created_at" datetime, "sign_in_count" integer DEFAULT 0 NOT NULL, "current_sign_in_at" datetime, "last_sign_in_at" datetime, "current_sign_in_ip" varchar, "last_sign_in_ip" varchar, "created_at" datetime NOT NULL, "updated_at" datetime NOT NULL, "role" integer, "first_name" varchar, "last_name" varchar, "username" varchar, "display_name" varchar, "ldap" boolean)[0m
  [1m[35m (0.6ms)[0m  [1m[34mselect sqlite_version(*)[0m
  [1m[35m (1.9ms)[0m  [1m[35mCREATE UNIQUE INDEX "index_users_on_email" ON "users" ("email")[0m
  [1m[35m (0.4ms)[0m  [1m[34m            SELECT sql
            FROM sqlite_master
            WHERE name='index_users_on_email' AND type='index'
            UNION ALL
            SELECT sql
            FROM sqlite_temp_master
            WHERE name='index_users_on_email' AND type='index'
[0m
  [1m[35m (1.0ms)[0m  [1m[35mCREATE UNIQUE INDEX "index_users_on_reset_password_token" ON "users" ("reset_password_token")[0m
  [1m[35m (1.0ms)[0m  [1m[35mCREATE TABLE "schema_migrations" ("version" varchar NOT NULL PRIMARY KEY)[0m
  [1m[35m (1.5ms)[0m  [1m[34mSELECT version FROM "schema_migrations"[0m
  [1m[35m (0.9ms)[0m  [1m[32mINSERT INTO "schema_migrations" (version) VALUES (0)[0m
  [1m[35m (1.2ms)[0m  [1m[35mCREATE TABLE "ar_internal_metadata" ("key" varchar NOT NULL PRIMARY KEY, "value" varchar, "created_at" datetime NOT NULL, "updated_at" datetime NOT NULL)[0m
  [1m[36mActiveRecord::InternalMetadata Load (0.1ms)[0m  [1m[34mSELECT  "ar_internal_metadata".* FROM "ar_internal_metadata" WHERE "ar_internal_metadata"."key" = ? LIMIT ?[0m  [["key", "environment"], ["LIMIT", 1]]
  [1m[35m (0.1ms)[0m  [1m[36mbegin transaction[0m
  [1m[35mSQL (0.3ms)[0m  [1m[32mINSERT INTO "ar_internal_metadata" ("key", "value", "created_at", "updated_at") VALUES (?, ?, ?, ?)[0m  [["key", "environment"], ["value", "development"], ["created_at", "2018-07-20 20:09:42.145466"], ["updated_at", "2018-07-20 20:09:42.145466"]]
  [1m[35m (1.4ms)[0m  [1m[36mcommit transaction[0m
  [1m[36mActiveRecord::InternalMetadata Load (0.1ms)[0m  [1m[34mSELECT  "ar_internal_metadata".* FROM "ar_internal_metadata" WHERE "ar_internal_metadata"."key" = ? LIMIT ?[0m  [["key", "environment"], ["LIMIT", 1]]
  [1m[35m (0.0ms)[0m  [1m[36mbegin transaction[0m
  [1m[35m (0.0ms)[0m  [1m[36mcommit transaction[0m
  [1m[35m (1.0ms)[0m  [1m[35mCREATE TABLE "users" ("id" INTEGER PRIMARY KEY AUTOINCREMENT NOT NULL, "email" varchar DEFAULT '' NOT NULL, "encrypted_password" varchar DEFAULT '' NOT NULL, "reset_password_token" varchar, "reset_password_sent_at" datetime, "remember_created_at" datetime, "sign_in_count" integer DEFAULT 0 NOT NULL, "current_sign_in_at" datetime, "last_sign_in_at" datetime, "current_sign_in_ip" varchar, "last_sign_in_ip" varchar, "created_at" datetime NOT NULL, "updated_at" datetime NOT NULL, "role" integer, "first_name" varchar, "last_name" varchar, "username" varchar, "display_name" varchar, "ldap" boolean)[0m
  [1m[35m (0.1ms)[0m  [1m[34mselect sqlite_version(*)[0m
  [1m[35m (1.0ms)[0m  [1m[35mCREATE UNIQUE INDEX "index_users_on_email" ON "users" ("email")[0m
  [1m[35m (0.3ms)[0m  [1m[34m            SELECT sql
            FROM sqlite_master
            WHERE name='index_users_on_email' AND type='index'
            UNION ALL
            SELECT sql
            FROM sqlite_temp_master
            WHERE name='index_users_on_email' AND type='index'
[0m
  [1m[35m (1.0ms)[0m  [1m[35mCREATE UNIQUE INDEX "index_users_on_reset_password_token" ON "users" ("reset_password_token")[0m
  [1m[35m (1.0ms)[0m  [1m[35mCREATE TABLE "schema_migrations" ("version" varchar NOT NULL PRIMARY KEY)[0m
  [1m[35m (0.1ms)[0m  [1m[34mSELECT version FROM "schema_migrations"[0m
  [1m[35m (0.8ms)[0m  [1m[32mINSERT INTO "schema_migrations" (version) VALUES (0)[0m
  [1m[35m (1.0ms)[0m  [1m[35mCREATE TABLE "ar_internal_metadata" ("key" varchar NOT NULL PRIMARY KEY, "value" varchar, "created_at" datetime NOT NULL, "updated_at" datetime NOT NULL)[0m
  [1m[36mActiveRecord::InternalMetadata Load (0.1ms)[0m  [1m[34mSELECT  "ar_internal_metadata".* FROM "ar_internal_metadata" WHERE "ar_internal_metadata"."key" = ? LIMIT ?[0m  [["key", "environment"], ["LIMIT", 1]]
  [1m[35m (0.1ms)[0m  [1m[36mbegin transaction[0m
  [1m[35mSQL (0.4ms)[0m  [1m[32mINSERT INTO "ar_internal_metadata" ("key", "value", "created_at", "updated_at") VALUES (?, ?, ?, ?)[0m  [["key", "environment"], ["value", "development"], ["created_at", "2018-07-20 20:09:42.166217"], ["updated_at", "2018-07-20 20:09:42.166217"]]
  [1m[35m (0.7ms)[0m  [1m[36mcommit transaction[0m
  [1m[36mActiveRecord::InternalMetadata Load (0.1ms)[0m  [1m[34mSELECT  "ar_internal_metadata".* FROM "ar_internal_metadata" WHERE "ar_internal_metadata"."key" = ? LIMIT ?[0m  [["key", "environment"], ["LIMIT", 1]]
  [1m[35m (0.0ms)[0m  [1m[36mbegin transaction[0m
  [1m[35mSQL (0.2ms)[0m  [1m[33mUPDATE "ar_internal_metadata" SET "value" = ?, "updated_at" = ? WHERE "ar_internal_metadata"."key" = ?[0m  [["value", "test"], ["updated_at", "2018-07-20 20:09:42.169476"], ["key", "environment"]]
  [1m[35m (0.6ms)[0m  [1m[36mcommit transaction[0m
  [1m[36mActiveRecord::SchemaMigration Load (0.1ms)[0m  [1m[34mSELECT "schema_migrations".* FROM "schema_migrations"[0m
  [1m[35mSQL (1.0ms)[0m  [1m[31mDELETE FROM "users"[0m
  [1m[35m (0.1ms)[0m  [1m[36mbegin transaction[0m
  [1m[36mUser Exists (0.1ms)[0m  [1m[34mSELECT  1 AS one FROM "users" WHERE LOWER("users"."username") = LOWER(?) LIMIT ?[0m  [["username", "admin"], ["LIMIT", 1]]
  [1m[36mUser Exists (0.1ms)[0m  [1m[34mSELECT  1 AS one FROM "users" WHERE LOWER("users"."email") = LOWER(?) LIMIT ?[0m  [["email", "admin@glbrc.org"], ["LIMIT", 1]]
  [1m[36mUser Exists (0.1ms)[0m  [1m[34mSELECT  1 AS one FROM "users" WHERE "users"."email" = ? LIMIT ?[0m  [["email", "admin@glbrc.org"], ["LIMIT", 1]]
  [1m[35mSQL (0.3ms)[0m  [1m[32mINSERT INTO "users" ("email", "encrypted_password", "created_at", "updated_at", "role", "first_name", "last_name", "username", "display_name") VALUES (?, ?, ?, ?, ?, ?, ?, ?, ?)[0m  [["email", "admin@glbrc.org"], ["encrypted_password", "$2a$11$l1CHQUZEWKIiu49ayLAfhuypy.eYIXCfari7m9oNegtog83yUtP1a"], ["created_at", "2018-07-20 20:09:42.368653"], ["updated_at", "2018-07-20 20:09:42.368653"], ["role", 2], ["first_name", "Admin"], ["last_name", "User"], ["username", "admin"], ["display_name", "Admin User"]]
  [1m[35m (2.1ms)[0m  [1m[36mcommit transaction[0m
Started GET "/" for 127.0.0.1 at 2018-07-20 15:09:55 -0500
Processing by PagesController#home as HTML
  [1m[36mUser Load (0.3ms)[0m  [1m[34mSELECT  "users".* FROM "users" WHERE "users"."id" = ? ORDER BY "users"."id" ASC LIMIT ?[0m  [["id", 1], ["LIMIT", 1]]
Completed 401 Unauthorized in 68ms (ActiveRecord: 4.8ms)


Started GET "/users/sign_in" for 127.0.0.1 at 2018-07-20 15:09:56 -0500
Processing by Devise::SessionsController#new as HTML
  Rendering devise/sessions/new.html.haml within layouts/application
  Rendered devise/sessions/new.html.haml within layouts/application (26.9ms)
Started GET "/users/sign_in" for 127.0.0.1 at 2018-07-20 15:10:00 -0500
Processing by Devise::SessionsController#new as HTML
  Rendering devise/sessions/new.html.haml within layouts/application
  Rendered devise/sessions/new.html.haml within layouts/application (5.6ms)
  Rendered layouts/_navigation.html.haml (1475.9ms)
Completed 500 Internal Server Error in 15317ms (ActiveRecord: 0.0ms)



NameError - undefined local variable or method `submissions_path' for #<#<Class:0x007f9c2b32e960>:0x007f9c28414c60>
Did you mean?  session_path:
  app/views/layouts/_navigation.html.haml:17:in `_app_views_layouts__navigation_html_haml__1797487263011101207_70154379246040'
  app/views/layouts/application.html.haml:15:in `_app_views_layouts_application_html_haml___2424370476835517694_70154287188440'

  Rendered layouts/_navigation.html.haml (2189.8ms)
Completed 500 Internal Server Error in 13274ms (ActiveRecord: 0.0ms)



NameError - undefined local variable or method `submissions_path' for #<#<Class:0x007f9c2b32e960>:0x007f9c2f009510>
Did you mean?  session_path:
  app/views/layouts/_navigation.html.haml:17:in `_app_views_layouts__navigation_html_haml__1797487263011101207_70154395706620'
  app/views/layouts/application.html.haml:15:in `_app_views_layouts_application_html_haml___2424370476835517694_70154377452240'

Started POST "/__better_errors/790fe16eff8bc72e/variables" for 127.0.0.1 at 2018-07-20 15:10:14 -0500
Started GET "/users/sign_in" for 127.0.0.1 at 2018-07-20 15:13:30 -0500
Processing by Devise::SessionsController#new as HTML
  Rendering devise/sessions/new.html.haml within layouts/application
  Rendered devise/sessions/new.html.haml within layouts/application (6.7ms)
  Rendered layouts/_navigation.html.haml (9.2ms)
  Rendered layouts/_messages.html.haml (2.5ms)
  Rendered layouts/_footer.html.haml (1.5ms)
Completed 200 OK in 519ms (Views: 517.5ms | ActiveRecord: 0.0ms)


Started POST "/users/sign_in" for 127.0.0.1 at 2018-07-20 15:13:49 -0500
Processing by Devise::SessionsController#create as HTML
  Parameters: {"utf8"=>"✓", "authenticity_token"=>"Lm57Uu8u7DiLF/oOnMThnmQ62qH7fDIn0vh1C/UsxB0ZjEOkTfpy/mojucn9YM2O+JNH32pWb6xUgg7sJi78Zw==", "user"=>{"username"=>"admin", "password"=>"[FILTERED]", "remember_me"=>"0"}, "commit"=>"Sign in"}
  [1m[36mUser Load (0.8ms)[0m  [1m[34mSELECT  "users".* FROM "users" WHERE "users"."username" = ? AND "users"."ldap" = ? LIMIT ?[0m  [["username", "admin"], ["ldap", "f"], ["LIMIT", 1]]
  [1m[36mUser Load (0.2ms)[0m  [1m[34mSELECT  "users".* FROM "users" WHERE "users"."username" = ? ORDER BY "users"."id" ASC LIMIT ?[0m  [["username", "admin"], ["LIMIT", 1]]
  [1m[35m (0.1ms)[0m  [1m[36mbegin transaction[0m
  [1m[35mSQL (0.5ms)[0m  [1m[33mUPDATE "users" SET "current_sign_in_at" = ?, "last_sign_in_at" = ?, "current_sign_in_ip" = ?, "last_sign_in_ip" = ?, "sign_in_count" = ?, "updated_at" = ? WHERE "users"."id" = ?[0m  [["current_sign_in_at", "2018-07-20 20:13:49.410215"], ["last_sign_in_at", "2018-07-20 20:13:49.410215"], ["current_sign_in_ip", "127.0.0.1"], ["last_sign_in_ip", "127.0.0.1"], ["sign_in_count", 1], ["updated_at", "2018-07-20 20:13:49.411213"], ["id", 1]]
  [1m[35m (1.8ms)[0m  [1m[36mcommit transaction[0m
Completed 500 Internal Server Error in 706ms (ActiveRecord: 3.3ms)



NameError - undefined local variable or method `new_submission_path' for #<Devise::SessionsController:0x007f9c284b8388>
Did you mean?  new_session_path:
  app/controllers/application_controller.rb:24:in `after_sign_in_path_for'

Started POST "/__better_errors/7615b757b9098a45/variables" for 127.0.0.1 at 2018-07-20 15:13:50 -0500
Started POST "/users/sign_in" for 127.0.0.1 at 2018-07-20 15:14:56 -0500
Processing by Devise::SessionsController#create as HTML
  Parameters: {"utf8"=>"✓", "authenticity_token"=>"Lm57Uu8u7DiLF/oOnMThnmQ62qH7fDIn0vh1C/UsxB0ZjEOkTfpy/mojucn9YM2O+JNH32pWb6xUgg7sJi78Zw==", "user"=>{"username"=>"admin", "password"=>"[FILTERED]", "remember_me"=>"0"}, "commit"=>"Sign in"}
  [1m[36mUser Load (0.2ms)[0m  [1m[34mSELECT  "users".* FROM "users" WHERE "users"."username" = ? AND "users"."ldap" = ? LIMIT ?[0m  [["username", "admin"], ["ldap", "f"], ["LIMIT", 1]]
  [1m[36mUser Load (0.2ms)[0m  [1m[34mSELECT  "users".* FROM "users" WHERE "users"."username" = ? ORDER BY "users"."id" ASC LIMIT ?[0m  [["username", "admin"], ["LIMIT", 1]]
  [1m[35m (0.1ms)[0m  [1m[36mbegin transaction[0m
  [1m[35mSQL (0.3ms)[0m  [1m[33mUPDATE "users" SET "current_sign_in_at" = ?, "sign_in_count" = ?, "updated_at" = ? WHERE "users"."id" = ?[0m  [["current_sign_in_at", "2018-07-20 20:14:57.154462"], ["sign_in_count", 2], ["updated_at", "2018-07-20 20:14:57.155370"], ["id", 1]]
  [1m[35m (1.9ms)[0m  [1m[36mcommit transaction[0m
Redirected to http://localhost:3000pages#home
Completed 302 Found in 190ms (ActiveRecord: 3.4ms)


Started GET "/users/sign_in" for 127.0.0.1 at 2018-07-20 15:15:09 -0500
Processing by Devise::SessionsController#new as HTML
  [1m[36mUser Load (0.1ms)[0m  [1m[34mSELECT  "users".* FROM "users" WHERE "users"."id" = ? ORDER BY "users"."id" ASC LIMIT ?[0m  [["id", 1], ["LIMIT", 1]]
Redirected to http://localhost:3000pages#home
Redirected to 
Completed 500 Internal Server Error in 15ms (ActiveRecord: 0.9ms)



AbstractController::DoubleRenderError - Render and/or redirect were called multiple times in this action. Please note that you may only call render OR redirect, and at most once per action. Also note that neither redirect nor render terminate execution of the action, so if you want to exit an action after redirecting, you need to do something like "redirect_to(...) and return".:

Started POST "/__better_errors/57e110b192112349/variables" for 127.0.0.1 at 2018-07-20 15:15:09 -0500
Started GET "/users/sign_in" for 127.0.0.1 at 2018-07-20 15:15:24 -0500
Processing by Devise::SessionsController#new as HTML
  [1m[36mUser Load (0.2ms)[0m  [1m[34mSELECT  "users".* FROM "users" WHERE "users"."id" = ? ORDER BY "users"."id" ASC LIMIT ?[0m  [["id", 1], ["LIMIT", 1]]
Redirected to http://localhost:3000/
Filter chain halted as :require_no_authentication rendered or redirected
Completed 302 Found in 21ms (ActiveRecord: 1.2ms)


Started GET "/" for 127.0.0.1 at 2018-07-20 15:15:24 -0500
Processing by PagesController#home as HTML
  [1m[36mUser Load (0.2ms)[0m  [1m[34mSELECT  "users".* FROM "users" WHERE "users"."id" = ? ORDER BY "users"."id" ASC LIMIT ?[0m  [["id", 1], ["LIMIT", 1]]
  Rendering pages/home.html.haml within layouts/application
  [1m[35m (0.1ms)[0m  [1m[34mSELECT COUNT(*) FROM "users"[0m
  Rendered layouts/_tile.html.haml (12.3ms)
  Rendered pages/home.html.haml within layouts/application (20.2ms)
  Rendered layouts/_navigation.html.haml (8.5ms)
  Rendered layouts/_messages.html.haml (3.2ms)
  Rendered layouts/_footer.html.haml (2.1ms)
Completed 200 OK in 560ms (Views: 556.1ms | ActiveRecord: 0.3ms)


Started GET "/" for 127.0.0.1 at 2018-07-20 15:21:55 -0500
Processing by PagesController#home as HTML
  [1m[36mUser Load (0.1ms)[0m  [1m[34mSELECT  "users".* FROM "users" WHERE "users"."id" = ? ORDER BY "users"."id" ASC LIMIT ?[0m  [["id", 1], ["LIMIT", 1]]
  Rendering pages/home.html.haml within layouts/application
  [1m[35m (0.1ms)[0m  [1m[34mSELECT COUNT(*) FROM "users"[0m
  Rendered layouts/_tile.html.haml (7.6ms)
  Rendered pages/home.html.haml within layouts/application (14.4ms)
  Rendered layouts/_navigation.html.haml (659.1ms)
Completed 500 Internal Server Error in 1280ms (ActiveRecord: 1.0ms)



NameError - undefined local variable or method `destroy_user_session_path' for #<#<Class:0x007f9c2bc78610>:0x007f9c2bc6b398>
Did you mean?  destroy_session_path:
  app/views/layouts/_navigation.html.haml:36:in `_app_views_layouts__navigation_html_haml__1797487263011101207_70154402695340'
  app/views/layouts/application.html.haml:15:in `_app_views_layouts_application_html_haml___2424370476835517694_70154363128780'

Started POST "/__better_errors/62780671d5cd999a/variables" for 127.0.0.1 at 2018-07-20 15:21:57 -0500
Started GET "/" for 127.0.0.1 at 2018-07-20 15:22:35 -0500
Processing by PagesController#home as HTML
  [1m[36mUser Load (0.3ms)[0m  [1m[34mSELECT  "users".* FROM "users" WHERE "users"."id" = ? ORDER BY "users"."id" ASC LIMIT ?[0m  [["id", 1], ["LIMIT", 1]]
  Rendering pages/home.html.haml within layouts/application
  [1m[35m (0.2ms)[0m  [1m[34mSELECT COUNT(*) FROM "users"[0m
  Rendered layouts/_tile.html.haml (11.2ms)
  Rendered pages/home.html.haml within layouts/application (19.1ms)
  Rendered layouts/_navigation.html.haml (11.4ms)
  Rendered layouts/_messages.html.haml (4.9ms)
  Rendered layouts/_footer.html.haml (2.0ms)
Completed 200 OK in 923ms (Views: 916.4ms | ActiveRecord: 0.5ms)


Started GET "/" for 127.0.0.1 at 2018-07-20 15:23:10 -0500
Processing by PagesController#home as HTML
  [1m[36mUser Load (0.3ms)[0m  [1m[34mSELECT  "users".* FROM "users" WHERE "users"."id" = ? ORDER BY "users"."id" ASC LIMIT ?[0m  [["id", 1], ["LIMIT", 1]]
  Rendering pages/home.html.haml within layouts/application
  Rendered pages/home.html.haml within layouts/application (1.7ms)
  Rendered layouts/_navigation.html.haml (8.8ms)
  Rendered layouts/_messages.html.haml (3.0ms)
  Rendered layouts/_footer.html.haml (1.6ms)
Completed 200 OK in 578ms (Views: 573.6ms | ActiveRecord: 0.3ms)


Started GET "/" for 127.0.0.1 at 2018-07-20 15:23:32 -0500
Processing by PagesController#home as HTML
Completed 500 Internal Server Error in 178ms (ActiveRecord: 0.0ms)



NoMethodError - undefined method `authenticate_user!' for #<PagesController:0x007fb34e821280>
Did you mean?  authenticate_with_http_digest:

Started POST "/__better_errors/13d8b506f98e2ebe/variables" for 127.0.0.1 at 2018-07-20 15:23:32 -0500
Started GET "/" for 127.0.0.1 at 2018-07-20 15:24:20 -0500
Processing by PagesController#home as HTML
  Rendering pages/home.html.haml within layouts/application
  Rendered pages/home.html.haml within layouts/application (6.0ms)
  Rendered layouts/_navigation.html.haml (298.2ms)
Completed 500 Internal Server Error in 1472ms (ActiveRecord: 0.0ms)



NoMethodError - undefined method `user_signed_in?' for #<#<Class:0x007fb348f9ab48>:0x007fb348f894d8>:
  app/views/layouts/_navigation.html.haml:22:in `_app_views_layouts__navigation_html_haml___1805349431379371328_70204027432720'
  app/views/layouts/application.html.haml:15:in `_app_views_layouts_application_html_haml__150522687740094635_70203999857240'

Started POST "/__better_errors/9223af32f77ca5e2/variables" for 127.0.0.1 at 2018-07-20 15:24:22 -0500
Started GET "/" for 127.0.0.1 at 2018-07-20 15:24:56 -0500
Processing by PagesController#home as HTML
  Rendering pages/home.html.haml within layouts/application
  Rendered pages/home.html.haml within layouts/application (3.9ms)
  Rendered layouts/_navigation.html.haml (5.5ms)
Completed 500 Internal Server Error in 1328ms (ActiveRecord: 0.0ms)



Haml::SyntaxError - Illegal nesting: nesting within a tag that already has content is illegal.:
  app/views/layouts/_navigation.html.haml:36:in `'
  app/views/layouts/application.html.haml:15:in `_app_views_layouts_application_html_haml__150522687740094635_70204035889680'

Started POST "/__better_errors/08136fe66ffc7563/variables" for 127.0.0.1 at 2018-07-20 15:24:58 -0500
Started GET "/" for 127.0.0.1 at 2018-07-20 15:25:06 -0500
Processing by PagesController#home as HTML
  Rendering pages/home.html.haml within layouts/application
  Rendered pages/home.html.haml within layouts/application (3.2ms)
  Rendered layouts/_navigation.html.haml (3.4ms)
Completed 500 Internal Server Error in 830ms (ActiveRecord: 0.0ms)



Haml::SyntaxError - Illegal nesting: nesting within a tag that already has content is illegal.:
  app/views/layouts/_navigation.html.haml:37:in `'
  app/views/layouts/application.html.haml:15:in `_app_views_layouts_application_html_haml__150522687740094635_70203983474380'

Started POST "/__better_errors/c674d2605d18b958/variables" for 127.0.0.1 at 2018-07-20 15:25:07 -0500
Started GET "/" for 127.0.0.1 at 2018-07-20 15:25:23 -0500
Processing by PagesController#home as HTML
  Rendering pages/home.html.haml within layouts/application
  Rendered pages/home.html.haml within layouts/application (3.2ms)
  Rendered layouts/_navigation.html.haml (281.2ms)
Completed 500 Internal Server Error in 1097ms (ActiveRecord: 0.0ms)



NoMethodError - undefined method `user_signed_in?' for #<#<Class:0x007fb348f9ab48>:0x007fb34d5a5098>:
  app/views/layouts/_navigation.html.haml:22:in `_app_views_layouts__navigation_html_haml___1805349431379371328_70204035355460'
  app/views/layouts/application.html.haml:15:in `_app_views_layouts_application_html_haml__150522687740094635_70204036788680'

Started POST "/__better_errors/37000d1ef3aa4b3b/variables" for 127.0.0.1 at 2018-07-20 15:25:24 -0500
Started GET "/" for 127.0.0.1 at 2018-07-20 15:25:52 -0500
Processing by PagesController#home as HTML
  Rendering pages/home.html.haml within layouts/application
  Rendered pages/home.html.haml within layouts/application (3.8ms)
  Rendered layouts/_navigation.html.haml (6.5ms)
  Rendered layouts/_messages.html.haml (2.8ms)
  Rendered layouts/_footer.html.haml (2.4ms)
Completed 200 OK in 701ms (Views: 698.9ms | ActiveRecord: 0.0ms)


Started GET "/" for 127.0.0.1 at 2018-07-20 15:28:01 -0500
Processing by PagesController#home as HTML
  Rendering pages/home.html.haml within layouts/application
  Rendered pages/home.html.haml within layouts/application (2.1ms)
  Rendered layouts/_navigation.html.haml (6.7ms)
  Rendered layouts/_messages.html.haml (3.3ms)
  Rendered layouts/_footer.html.haml (1.9ms)
Completed 200 OK in 683ms (Views: 681.2ms | ActiveRecord: 0.0ms)


Started GET "/" for 127.0.0.1 at 2018-07-20 15:31:27 -0500
Processing by PagesController#home as HTML
  Rendering pages/home.html.haml within layouts/application
  Rendered pages/home.html.haml within layouts/application (2.2ms)
  Rendered layouts/_navigation.html.haml (7.4ms)
  Rendered layouts/_messages.html.haml (3.1ms)
  Rendered layouts/_footer.html.haml (1.9ms)
Completed 200 OK in 688ms (Views: 686.0ms | ActiveRecord: 0.0ms)


Started GET "/" for 127.0.0.1 at 2018-07-20 15:36:52 -0500
Processing by PagesController#home as HTML
  Rendering pages/home.html.haml within layouts/application
  Rendered pages/home.html.haml within layouts/application (2.5ms)
  Rendered layouts/_navigation.html.haml (6.6ms)
  Rendered layouts/_messages.html.haml (3.2ms)
  Rendered layouts/_footer.html.haml (1.9ms)
Completed 200 OK in 3815ms (Views: 3811.7ms | ActiveRecord: 0.0ms)


Started GET "/" for 127.0.0.1 at 2018-07-20 15:37:47 -0500
Processing by PagesController#home as HTML
  Rendering pages/home.html.haml within layouts/application
  Rendered pages/home.html.haml within layouts/application (944.5ms)
  Rendered layouts/_navigation.html.haml (6.7ms)
  Rendered layouts/_messages.html.haml (3.0ms)
  Rendered layouts/_footer.html.haml (1.9ms)
Completed 200 OK in 1519ms (Views: 1516.6ms | ActiveRecord: 0.0ms)


Started GET "/" for 127.0.0.1 at 2018-07-20 15:39:05 -0500
Processing by PagesController#home as HTML
  Rendering pages/home.html.haml within layouts/application
  Rendered pages/home.html.haml within layouts/application (2.7ms)
Completed 500 Internal Server Error in 13ms (ActiveRecord: 0.0ms)



SyntaxError - syntax error, unexpected tIDENTIFIER, expecting ')'
clogo.png', width='50%' height='50%')
                              ^
/Users/michaelgraham/Desktop/fitcity/fitcityxt/app/views/pages/home.html.haml:6: syntax error, unexpected ')', expecting keyword_end
)).to_s);).to_s);; _hamlout.buffer << ("\n<!--
                ^:
  app/views/pages/home.html.haml:5:in `'

Started POST "/__better_errors/5529cada678cfceb/variables" for 127.0.0.1 at 2018-07-20 15:39:05 -0500
Started GET "/" for 127.0.0.1 at 2018-07-20 15:40:26 -0500
Processing by PagesController#home as HTML
  Rendering pages/home.html.haml within layouts/application
  Rendered pages/home.html.haml within layouts/application (2.3ms)
Completed 500 Internal Server Error in 13ms (ActiveRecord: 0.0ms)



SyntaxError - syntax error, unexpected ':', expecting ')'
fclogo.png', :width => "50%" :height => "50%")
                              ^
/Users/michaelgraham/Desktop/fitcity/fitcityxt/app/views/pages/home.html.haml:6: syntax error, unexpected ')', expecting keyword_end
)).to_s);).to_s);; _hamlout.buffer << ("\n".fr
                ^:
  app/views/pages/home.html.haml:5:in `'

Started POST "/__better_errors/114639f81044ed2f/variables" for 127.0.0.1 at 2018-07-20 15:40:26 -0500
Started GET "/" for 127.0.0.1 at 2018-07-20 15:40:40 -0500
Processing by PagesController#home as HTML
  Rendering pages/home.html.haml within layouts/application
  Rendered pages/home.html.haml within layouts/application (3.2ms)
  Rendered layouts/_navigation.html.haml (6.3ms)
  Rendered layouts/_messages.html.haml (3.4ms)
  Rendered layouts/_footer.html.haml (2.1ms)
Completed 200 OK in 672ms (Views: 670.2ms | ActiveRecord: 0.0ms)


Started GET "/" for 127.0.0.1 at 2018-07-20 15:41:48 -0500
Processing by PagesController#home as HTML
  Rendering pages/home.html.haml within layouts/application
  Rendered pages/home.html.haml within layouts/application (3.6ms)
  Rendered layouts/_navigation.html.haml (6.8ms)
  Rendered layouts/_messages.html.haml (3.0ms)
  Rendered layouts/_footer.html.haml (1.9ms)
Completed 200 OK in 585ms (Views: 581.9ms | ActiveRecord: 0.0ms)


Started GET "/" for 127.0.0.1 at 2018-07-20 15:42:05 -0500
Processing by PagesController#home as HTML
  Rendering pages/home.html.haml within layouts/application
  Rendered pages/home.html.haml within layouts/application (3.7ms)
  Rendered layouts/_navigation.html.haml (6.6ms)
  Rendered layouts/_messages.html.haml (3.0ms)
  Rendered layouts/_footer.html.haml (1.7ms)
Completed 200 OK in 574ms (Views: 571.5ms | ActiveRecord: 0.0ms)


Started GET "/polyfills/promise-7.0.4.js.map" for 127.0.0.1 at 2018-07-20 15:42:12 -0500
  
ActionController::RoutingError (No route matches [GET] "/polyfills/promise-7.0.4.js.map"):
  
actionpack (5.0.7) lib/action_dispatch/middleware/debug_exceptions.rb:53:in `call'
web-console (3.6.2) lib/web_console/middleware.rb:135:in `call_app'
web-console (3.6.2) lib/web_console/middleware.rb:30:in `block in call'
web-console (3.6.2) lib/web_console/middleware.rb:20:in `catch'
web-console (3.6.2) lib/web_console/middleware.rb:20:in `call'
actionpack (5.0.7) lib/action_dispatch/middleware/show_exceptions.rb:31:in `call'
railties (5.0.7) lib/rails/rack/logger.rb:36:in `call_app'
railties (5.0.7) lib/rails/rack/logger.rb:24:in `block in call'
activesupport (5.0.7) lib/active_support/tagged_logging.rb:69:in `block in tagged'
activesupport (5.0.7) lib/active_support/tagged_logging.rb:26:in `tagged'
activesupport (5.0.7) lib/active_support/tagged_logging.rb:69:in `tagged'
railties (5.0.7) lib/rails/rack/logger.rb:24:in `call'
sprockets-rails (3.2.1) lib/sprockets/rails/quiet_assets.rb:13:in `call'
actionpack (5.0.7) lib/action_dispatch/middleware/request_id.rb:24:in `call'
rack (2.0.5) lib/rack/method_override.rb:22:in `call'
rack (2.0.5) lib/rack/runtime.rb:22:in `call'
activesupport (5.0.7) lib/active_support/cache/strategy/local_cache_middleware.rb:28:in `call'
actionpack (5.0.7) lib/action_dispatch/middleware/executor.rb:12:in `call'
actionpack (5.0.7) lib/action_dispatch/middleware/static.rb:136:in `call'
rack (2.0.5) lib/rack/sendfile.rb:111:in `call'
railties (5.0.7) lib/rails/engine.rb:522:in `call'
puma (3.11.4) lib/puma/configuration.rb:225:in `call'
puma (3.11.4) lib/puma/server.rb:632:in `handle_request'
puma (3.11.4) lib/puma/server.rb:446:in `process_client'
puma (3.11.4) lib/puma/server.rb:306:in `block in run'
puma (3.11.4) lib/puma/thread_pool.rb:120:in `block in spawn_thread'
  Rendering /Users/michaelgraham/.rvm/gems/ruby-2.4.0/gems/actionpack-5.0.7/lib/action_dispatch/middleware/templates/rescues/routing_error.html.erb within rescues/layout
  Rendering /Users/michaelgraham/.rvm/gems/ruby-2.4.0/gems/actionpack-5.0.7/lib/action_dispatch/middleware/templates/rescues/_trace.html.erb
  Rendered /Users/michaelgraham/.rvm/gems/ruby-2.4.0/gems/actionpack-5.0.7/lib/action_dispatch/middleware/templates/rescues/_trace.html.erb (1.3ms)
  Rendered collection of /Users/michaelgraham/.rvm/gems/ruby-2.4.0/gems/actionpack-5.0.7/lib/action_dispatch/middleware/templates/routes/_route.html.erb [16 times] (5.1ms)
  Rendered /Users/michaelgraham/.rvm/gems/ruby-2.4.0/gems/actionpack-5.0.7/lib/action_dispatch/middleware/templates/routes/_table.html.erb (5.1ms)
  Rendering /Users/michaelgraham/.rvm/gems/ruby-2.4.0/gems/actionpack-5.0.7/lib/action_dispatch/middleware/templates/rescues/_request_and_response.html.erb
  Rendered /Users/michaelgraham/.rvm/gems/ruby-2.4.0/gems/actionpack-5.0.7/lib/action_dispatch/middleware/templates/rescues/_request_and_response.html.erb (1.3ms)
  Rendered /Users/michaelgraham/.rvm/gems/ruby-2.4.0/gems/actionpack-5.0.7/lib/action_dispatch/middleware/templates/rescues/routing_error.html.erb within rescues/layout (149.8ms)
Started GET "/" for 127.0.0.1 at 2018-07-20 15:43:11 -0500
Processing by PagesController#home as HTML
  Rendering pages/home.html.haml within layouts/application
  Rendered pages/home.html.haml within layouts/application (4.4ms)
  Rendered layouts/_navigation.html.haml (7.1ms)
  Rendered layouts/_messages.html.haml (3.4ms)
  Rendered layouts/_footer.html.haml (2.2ms)
Completed 200 OK in 583ms (Views: 580.8ms | ActiveRecord: 0.0ms)


Started GET "/polyfills/promise-7.0.4.js.map" for 127.0.0.1 at 2018-07-20 15:43:12 -0500
  
ActionController::RoutingError (No route matches [GET] "/polyfills/promise-7.0.4.js.map"):
  
actionpack (5.0.7) lib/action_dispatch/middleware/debug_exceptions.rb:53:in `call'
web-console (3.6.2) lib/web_console/middleware.rb:135:in `call_app'
web-console (3.6.2) lib/web_console/middleware.rb:30:in `block in call'
web-console (3.6.2) lib/web_console/middleware.rb:20:in `catch'
web-console (3.6.2) lib/web_console/middleware.rb:20:in `call'
actionpack (5.0.7) lib/action_dispatch/middleware/show_exceptions.rb:31:in `call'
railties (5.0.7) lib/rails/rack/logger.rb:36:in `call_app'
railties (5.0.7) lib/rails/rack/logger.rb:24:in `block in call'
activesupport (5.0.7) lib/active_support/tagged_logging.rb:69:in `block in tagged'
activesupport (5.0.7) lib/active_support/tagged_logging.rb:26:in `tagged'
activesupport (5.0.7) lib/active_support/tagged_logging.rb:69:in `tagged'
railties (5.0.7) lib/rails/rack/logger.rb:24:in `call'
sprockets-rails (3.2.1) lib/sprockets/rails/quiet_assets.rb:13:in `call'
actionpack (5.0.7) lib/action_dispatch/middleware/request_id.rb:24:in `call'
rack (2.0.5) lib/rack/method_override.rb:22:in `call'
rack (2.0.5) lib/rack/runtime.rb:22:in `call'
activesupport (5.0.7) lib/active_support/cache/strategy/local_cache_middleware.rb:28:in `call'
actionpack (5.0.7) lib/action_dispatch/middleware/executor.rb:12:in `call'
actionpack (5.0.7) lib/action_dispatch/middleware/static.rb:136:in `call'
rack (2.0.5) lib/rack/sendfile.rb:111:in `call'
railties (5.0.7) lib/rails/engine.rb:522:in `call'
puma (3.11.4) lib/puma/configuration.rb:225:in `call'
puma (3.11.4) lib/puma/server.rb:632:in `handle_request'
puma (3.11.4) lib/puma/server.rb:446:in `process_client'
puma (3.11.4) lib/puma/server.rb:306:in `block in run'
puma (3.11.4) lib/puma/thread_pool.rb:120:in `block in spawn_thread'
  Rendering /Users/michaelgraham/.rvm/gems/ruby-2.4.0/gems/actionpack-5.0.7/lib/action_dispatch/middleware/templates/rescues/routing_error.html.erb within rescues/layout
  Rendering /Users/michaelgraham/.rvm/gems/ruby-2.4.0/gems/actionpack-5.0.7/lib/action_dispatch/middleware/templates/rescues/_trace.html.erb
  Rendered /Users/michaelgraham/.rvm/gems/ruby-2.4.0/gems/actionpack-5.0.7/lib/action_dispatch/middleware/templates/rescues/_trace.html.erb (1.3ms)
  Rendered collection of /Users/michaelgraham/.rvm/gems/ruby-2.4.0/gems/actionpack-5.0.7/lib/action_dispatch/middleware/templates/routes/_route.html.erb [16 times] (4.2ms)
  Rendered /Users/michaelgraham/.rvm/gems/ruby-2.4.0/gems/actionpack-5.0.7/lib/action_dispatch/middleware/templates/routes/_table.html.erb (1.2ms)
  Rendering /Users/michaelgraham/.rvm/gems/ruby-2.4.0/gems/actionpack-5.0.7/lib/action_dispatch/middleware/templates/rescues/_request_and_response.html.erb
  Rendered /Users/michaelgraham/.rvm/gems/ruby-2.4.0/gems/actionpack-5.0.7/lib/action_dispatch/middleware/templates/rescues/_request_and_response.html.erb (1.1ms)
  Rendered /Users/michaelgraham/.rvm/gems/ruby-2.4.0/gems/actionpack-5.0.7/lib/action_dispatch/middleware/templates/rescues/routing_error.html.erb within rescues/layout (125.1ms)
Started GET "/" for 127.0.0.1 at 2018-07-20 15:43:23 -0500
Processing by PagesController#home as HTML
  Rendering pages/home.html.haml within layouts/application
  Rendered pages/home.html.haml within layouts/application (4.9ms)
  Rendered layouts/_navigation.html.haml (6.7ms)
  Rendered layouts/_messages.html.haml (3.0ms)
  Rendered layouts/_footer.html.haml (1.7ms)
Completed 200 OK in 584ms (Views: 581.8ms | ActiveRecord: 0.0ms)


Started GET "/polyfills/promise-7.0.4.js.map" for 127.0.0.1 at 2018-07-20 15:43:24 -0500
  
ActionController::RoutingError (No route matches [GET] "/polyfills/promise-7.0.4.js.map"):
  
actionpack (5.0.7) lib/action_dispatch/middleware/debug_exceptions.rb:53:in `call'
web-console (3.6.2) lib/web_console/middleware.rb:135:in `call_app'
web-console (3.6.2) lib/web_console/middleware.rb:30:in `block in call'
web-console (3.6.2) lib/web_console/middleware.rb:20:in `catch'
web-console (3.6.2) lib/web_console/middleware.rb:20:in `call'
actionpack (5.0.7) lib/action_dispatch/middleware/show_exceptions.rb:31:in `call'
railties (5.0.7) lib/rails/rack/logger.rb:36:in `call_app'
railties (5.0.7) lib/rails/rack/logger.rb:24:in `block in call'
activesupport (5.0.7) lib/active_support/tagged_logging.rb:69:in `block in tagged'
activesupport (5.0.7) lib/active_support/tagged_logging.rb:26:in `tagged'
activesupport (5.0.7) lib/active_support/tagged_logging.rb:69:in `tagged'
railties (5.0.7) lib/rails/rack/logger.rb:24:in `call'
sprockets-rails (3.2.1) lib/sprockets/rails/quiet_assets.rb:13:in `call'
actionpack (5.0.7) lib/action_dispatch/middleware/request_id.rb:24:in `call'
rack (2.0.5) lib/rack/method_override.rb:22:in `call'
rack (2.0.5) lib/rack/runtime.rb:22:in `call'
activesupport (5.0.7) lib/active_support/cache/strategy/local_cache_middleware.rb:28:in `call'
actionpack (5.0.7) lib/action_dispatch/middleware/executor.rb:12:in `call'
actionpack (5.0.7) lib/action_dispatch/middleware/static.rb:136:in `call'
rack (2.0.5) lib/rack/sendfile.rb:111:in `call'
railties (5.0.7) lib/rails/engine.rb:522:in `call'
puma (3.11.4) lib/puma/configuration.rb:225:in `call'
puma (3.11.4) lib/puma/server.rb:632:in `handle_request'
puma (3.11.4) lib/puma/server.rb:446:in `process_client'
puma (3.11.4) lib/puma/server.rb:306:in `block in run'
puma (3.11.4) lib/puma/thread_pool.rb:120:in `block in spawn_thread'
  Rendering /Users/michaelgraham/.rvm/gems/ruby-2.4.0/gems/actionpack-5.0.7/lib/action_dispatch/middleware/templates/rescues/routing_error.html.erb within rescues/layout
  Rendering /Users/michaelgraham/.rvm/gems/ruby-2.4.0/gems/actionpack-5.0.7/lib/action_dispatch/middleware/templates/rescues/_trace.html.erb
  Rendered /Users/michaelgraham/.rvm/gems/ruby-2.4.0/gems/actionpack-5.0.7/lib/action_dispatch/middleware/templates/rescues/_trace.html.erb (1.3ms)
  Rendered collection of /Users/michaelgraham/.rvm/gems/ruby-2.4.0/gems/actionpack-5.0.7/lib/action_dispatch/middleware/templates/routes/_route.html.erb [16 times] (4.4ms)
  Rendered /Users/michaelgraham/.rvm/gems/ruby-2.4.0/gems/actionpack-5.0.7/lib/action_dispatch/middleware/templates/routes/_table.html.erb (1.2ms)
  Rendering /Users/michaelgraham/.rvm/gems/ruby-2.4.0/gems/actionpack-5.0.7/lib/action_dispatch/middleware/templates/rescues/_request_and_response.html.erb
  Rendered /Users/michaelgraham/.rvm/gems/ruby-2.4.0/gems/actionpack-5.0.7/lib/action_dispatch/middleware/templates/rescues/_request_and_response.html.erb (1.0ms)
  Rendered /Users/michaelgraham/.rvm/gems/ruby-2.4.0/gems/actionpack-5.0.7/lib/action_dispatch/middleware/templates/rescues/routing_error.html.erb within rescues/layout (125.5ms)
Started GET "/" for 127.0.0.1 at 2018-07-20 15:44:47 -0500
Processing by PagesController#home as HTML
  Rendering pages/home.html.haml within layouts/application
  Rendered pages/home.html.haml within layouts/application (3.9ms)
  Rendered layouts/_navigation.html.haml (6.9ms)
  Rendered layouts/_messages.html.haml (3.4ms)
  Rendered layouts/_footer.html.haml (1.8ms)
Completed 200 OK in 597ms (Views: 594.7ms | ActiveRecord: 0.0ms)


Started GET "/polyfills/promise-7.0.4.js.map" for 127.0.0.1 at 2018-07-20 15:44:48 -0500
  
ActionController::RoutingError (No route matches [GET] "/polyfills/promise-7.0.4.js.map"):
  
actionpack (5.0.7) lib/action_dispatch/middleware/debug_exceptions.rb:53:in `call'
web-console (3.6.2) lib/web_console/middleware.rb:135:in `call_app'
web-console (3.6.2) lib/web_console/middleware.rb:30:in `block in call'
web-console (3.6.2) lib/web_console/middleware.rb:20:in `catch'
web-console (3.6.2) lib/web_console/middleware.rb:20:in `call'
actionpack (5.0.7) lib/action_dispatch/middleware/show_exceptions.rb:31:in `call'
railties (5.0.7) lib/rails/rack/logger.rb:36:in `call_app'
railties (5.0.7) lib/rails/rack/logger.rb:24:in `block in call'
activesupport (5.0.7) lib/active_support/tagged_logging.rb:69:in `block in tagged'
activesupport (5.0.7) lib/active_support/tagged_logging.rb:26:in `tagged'
activesupport (5.0.7) lib/active_support/tagged_logging.rb:69:in `tagged'
railties (5.0.7) lib/rails/rack/logger.rb:24:in `call'
sprockets-rails (3.2.1) lib/sprockets/rails/quiet_assets.rb:13:in `call'
actionpack (5.0.7) lib/action_dispatch/middleware/request_id.rb:24:in `call'
rack (2.0.5) lib/rack/method_override.rb:22:in `call'
rack (2.0.5) lib/rack/runtime.rb:22:in `call'
activesupport (5.0.7) lib/active_support/cache/strategy/local_cache_middleware.rb:28:in `call'
actionpack (5.0.7) lib/action_dispatch/middleware/executor.rb:12:in `call'
actionpack (5.0.7) lib/action_dispatch/middleware/static.rb:136:in `call'
rack (2.0.5) lib/rack/sendfile.rb:111:in `call'
railties (5.0.7) lib/rails/engine.rb:522:in `call'
puma (3.11.4) lib/puma/configuration.rb:225:in `call'
puma (3.11.4) lib/puma/server.rb:632:in `handle_request'
puma (3.11.4) lib/puma/server.rb:446:in `process_client'
puma (3.11.4) lib/puma/server.rb:306:in `block in run'
puma (3.11.4) lib/puma/thread_pool.rb:120:in `block in spawn_thread'
  Rendering /Users/michaelgraham/.rvm/gems/ruby-2.4.0/gems/actionpack-5.0.7/lib/action_dispatch/middleware/templates/rescues/routing_error.html.erb within rescues/layout
  Rendering /Users/michaelgraham/.rvm/gems/ruby-2.4.0/gems/actionpack-5.0.7/lib/action_dispatch/middleware/templates/rescues/_trace.html.erb
  Rendered /Users/michaelgraham/.rvm/gems/ruby-2.4.0/gems/actionpack-5.0.7/lib/action_dispatch/middleware/templates/rescues/_trace.html.erb (1.2ms)
  Rendered collection of /Users/michaelgraham/.rvm/gems/ruby-2.4.0/gems/actionpack-5.0.7/lib/action_dispatch/middleware/templates/routes/_route.html.erb [16 times] (4.4ms)
  Rendered /Users/michaelgraham/.rvm/gems/ruby-2.4.0/gems/actionpack-5.0.7/lib/action_dispatch/middleware/templates/routes/_table.html.erb (1.2ms)
  Rendering /Users/michaelgraham/.rvm/gems/ruby-2.4.0/gems/actionpack-5.0.7/lib/action_dispatch/middleware/templates/rescues/_request_and_response.html.erb
  Rendered /Users/michaelgraham/.rvm/gems/ruby-2.4.0/gems/actionpack-5.0.7/lib/action_dispatch/middleware/templates/rescues/_request_and_response.html.erb (1.1ms)
  Rendered /Users/michaelgraham/.rvm/gems/ruby-2.4.0/gems/actionpack-5.0.7/lib/action_dispatch/middleware/templates/rescues/routing_error.html.erb within rescues/layout (129.9ms)
Started GET "/" for 127.0.0.1 at 2018-07-20 15:44:56 -0500
Processing by PagesController#home as HTML
  Rendering pages/home.html.haml within layouts/application
  Rendered pages/home.html.haml within layouts/application (3.5ms)
  Rendered layouts/_navigation.html.haml (6.7ms)
  Rendered layouts/_messages.html.haml (3.5ms)
  Rendered layouts/_footer.html.haml (1.9ms)
Completed 200 OK in 589ms (Views: 586.7ms | ActiveRecord: 0.0ms)


Started GET "/polyfills/promise-7.0.4.js.map" for 127.0.0.1 at 2018-07-20 15:44:57 -0500
  
ActionController::RoutingError (No route matches [GET] "/polyfills/promise-7.0.4.js.map"):
  
actionpack (5.0.7) lib/action_dispatch/middleware/debug_exceptions.rb:53:in `call'
web-console (3.6.2) lib/web_console/middleware.rb:135:in `call_app'
web-console (3.6.2) lib/web_console/middleware.rb:30:in `block in call'
web-console (3.6.2) lib/web_console/middleware.rb:20:in `catch'
web-console (3.6.2) lib/web_console/middleware.rb:20:in `call'
actionpack (5.0.7) lib/action_dispatch/middleware/show_exceptions.rb:31:in `call'
railties (5.0.7) lib/rails/rack/logger.rb:36:in `call_app'
railties (5.0.7) lib/rails/rack/logger.rb:24:in `block in call'
activesupport (5.0.7) lib/active_support/tagged_logging.rb:69:in `block in tagged'
activesupport (5.0.7) lib/active_support/tagged_logging.rb:26:in `tagged'
activesupport (5.0.7) lib/active_support/tagged_logging.rb:69:in `tagged'
railties (5.0.7) lib/rails/rack/logger.rb:24:in `call'
sprockets-rails (3.2.1) lib/sprockets/rails/quiet_assets.rb:13:in `call'
actionpack (5.0.7) lib/action_dispatch/middleware/request_id.rb:24:in `call'
rack (2.0.5) lib/rack/method_override.rb:22:in `call'
rack (2.0.5) lib/rack/runtime.rb:22:in `call'
activesupport (5.0.7) lib/active_support/cache/strategy/local_cache_middleware.rb:28:in `call'
actionpack (5.0.7) lib/action_dispatch/middleware/executor.rb:12:in `call'
actionpack (5.0.7) lib/action_dispatch/middleware/static.rb:136:in `call'
rack (2.0.5) lib/rack/sendfile.rb:111:in `call'
railties (5.0.7) lib/rails/engine.rb:522:in `call'
puma (3.11.4) lib/puma/configuration.rb:225:in `call'
puma (3.11.4) lib/puma/server.rb:632:in `handle_request'
puma (3.11.4) lib/puma/server.rb:446:in `process_client'
puma (3.11.4) lib/puma/server.rb:306:in `block in run'
puma (3.11.4) lib/puma/thread_pool.rb:120:in `block in spawn_thread'
  Rendering /Users/michaelgraham/.rvm/gems/ruby-2.4.0/gems/actionpack-5.0.7/lib/action_dispatch/middleware/templates/rescues/routing_error.html.erb within rescues/layout
  Rendering /Users/michaelgraham/.rvm/gems/ruby-2.4.0/gems/actionpack-5.0.7/lib/action_dispatch/middleware/templates/rescues/_trace.html.erb
  Rendered /Users/michaelgraham/.rvm/gems/ruby-2.4.0/gems/actionpack-5.0.7/lib/action_dispatch/middleware/templates/rescues/_trace.html.erb (1.2ms)
  Rendered collection of /Users/michaelgraham/.rvm/gems/ruby-2.4.0/gems/actionpack-5.0.7/lib/action_dispatch/middleware/templates/routes/_route.html.erb [16 times] (4.3ms)
  Rendered /Users/michaelgraham/.rvm/gems/ruby-2.4.0/gems/actionpack-5.0.7/lib/action_dispatch/middleware/templates/routes/_table.html.erb (1.2ms)
  Rendering /Users/michaelgraham/.rvm/gems/ruby-2.4.0/gems/actionpack-5.0.7/lib/action_dispatch/middleware/templates/rescues/_request_and_response.html.erb
  Rendered /Users/michaelgraham/.rvm/gems/ruby-2.4.0/gems/actionpack-5.0.7/lib/action_dispatch/middleware/templates/rescues/_request_and_response.html.erb (1.3ms)
  Rendered /Users/michaelgraham/.rvm/gems/ruby-2.4.0/gems/actionpack-5.0.7/lib/action_dispatch/middleware/templates/rescues/routing_error.html.erb within rescues/layout (134.5ms)
Started GET "/" for 127.0.0.1 at 2018-07-20 15:46:07 -0500
Processing by PagesController#home as HTML
  Rendering pages/home.html.haml within layouts/application
  Rendered pages/home.html.haml within layouts/application (3.7ms)
  Rendered layouts/_navigation.html.haml (7.4ms)
  Rendered layouts/_messages.html.haml (3.9ms)
  Rendered layouts/_footer.html.haml (2.5ms)
Completed 200 OK in 697ms (Views: 694.8ms | ActiveRecord: 0.0ms)


Started GET "/polyfills/promise-7.0.4.js.map" for 127.0.0.1 at 2018-07-20 15:46:08 -0500
  
ActionController::RoutingError (No route matches [GET] "/polyfills/promise-7.0.4.js.map"):
  
actionpack (5.0.7) lib/action_dispatch/middleware/debug_exceptions.rb:53:in `call'
web-console (3.6.2) lib/web_console/middleware.rb:135:in `call_app'
web-console (3.6.2) lib/web_console/middleware.rb:30:in `block in call'
web-console (3.6.2) lib/web_console/middleware.rb:20:in `catch'
web-console (3.6.2) lib/web_console/middleware.rb:20:in `call'
actionpack (5.0.7) lib/action_dispatch/middleware/show_exceptions.rb:31:in `call'
railties (5.0.7) lib/rails/rack/logger.rb:36:in `call_app'
railties (5.0.7) lib/rails/rack/logger.rb:24:in `block in call'
activesupport (5.0.7) lib/active_support/tagged_logging.rb:69:in `block in tagged'
activesupport (5.0.7) lib/active_support/tagged_logging.rb:26:in `tagged'
activesupport (5.0.7) lib/active_support/tagged_logging.rb:69:in `tagged'
railties (5.0.7) lib/rails/rack/logger.rb:24:in `call'
sprockets-rails (3.2.1) lib/sprockets/rails/quiet_assets.rb:13:in `call'
actionpack (5.0.7) lib/action_dispatch/middleware/request_id.rb:24:in `call'
rack (2.0.5) lib/rack/method_override.rb:22:in `call'
rack (2.0.5) lib/rack/runtime.rb:22:in `call'
activesupport (5.0.7) lib/active_support/cache/strategy/local_cache_middleware.rb:28:in `call'
actionpack (5.0.7) lib/action_dispatch/middleware/executor.rb:12:in `call'
actionpack (5.0.7) lib/action_dispatch/middleware/static.rb:136:in `call'
rack (2.0.5) lib/rack/sendfile.rb:111:in `call'
railties (5.0.7) lib/rails/engine.rb:522:in `call'
puma (3.11.4) lib/puma/configuration.rb:225:in `call'
puma (3.11.4) lib/puma/server.rb:632:in `handle_request'
puma (3.11.4) lib/puma/server.rb:446:in `process_client'
puma (3.11.4) lib/puma/server.rb:306:in `block in run'
puma (3.11.4) lib/puma/thread_pool.rb:120:in `block in spawn_thread'
  Rendering /Users/michaelgraham/.rvm/gems/ruby-2.4.0/gems/actionpack-5.0.7/lib/action_dispatch/middleware/templates/rescues/routing_error.html.erb within rescues/layout
  Rendering /Users/michaelgraham/.rvm/gems/ruby-2.4.0/gems/actionpack-5.0.7/lib/action_dispatch/middleware/templates/rescues/_trace.html.erb
  Rendered /Users/michaelgraham/.rvm/gems/ruby-2.4.0/gems/actionpack-5.0.7/lib/action_dispatch/middleware/templates/rescues/_trace.html.erb (1.4ms)
  Rendered collection of /Users/michaelgraham/.rvm/gems/ruby-2.4.0/gems/actionpack-5.0.7/lib/action_dispatch/middleware/templates/routes/_route.html.erb [16 times] (4.4ms)
  Rendered /Users/michaelgraham/.rvm/gems/ruby-2.4.0/gems/actionpack-5.0.7/lib/action_dispatch/middleware/templates/routes/_table.html.erb (1.3ms)
  Rendering /Users/michaelgraham/.rvm/gems/ruby-2.4.0/gems/actionpack-5.0.7/lib/action_dispatch/middleware/templates/rescues/_request_and_response.html.erb
  Rendered /Users/michaelgraham/.rvm/gems/ruby-2.4.0/gems/actionpack-5.0.7/lib/action_dispatch/middleware/templates/rescues/_request_and_response.html.erb (1.4ms)
  Rendered /Users/michaelgraham/.rvm/gems/ruby-2.4.0/gems/actionpack-5.0.7/lib/action_dispatch/middleware/templates/rescues/routing_error.html.erb within rescues/layout (131.2ms)
Started GET "/" for 127.0.0.1 at 2018-07-20 15:46:23 -0500
Processing by PagesController#home as HTML
  Rendering pages/home.html.haml within layouts/application
  Rendered pages/home.html.haml within layouts/application (4.3ms)
  Rendered layouts/_navigation.html.haml (6.7ms)
  Rendered layouts/_messages.html.haml (3.1ms)
  Rendered layouts/_footer.html.haml (1.8ms)
Completed 200 OK in 611ms (Views: 609.3ms | ActiveRecord: 0.0ms)


Started GET "/about" for 127.0.0.1 at 2018-07-20 15:46:40 -0500
Processing by PagesController#about as HTML
  Rendering pages/about.html.haml within layouts/application
  Rendered pages/about.html.haml within layouts/application (5.9ms)
  Rendered layouts/_navigation.html.haml (7.0ms)
  Rendered layouts/_messages.html.haml (3.4ms)
  Rendered layouts/_footer.html.haml (2.0ms)
Completed 200 OK in 574ms (Views: 572.5ms | ActiveRecord: 0.0ms)


Started GET "/" for 127.0.0.1 at 2018-07-20 15:46:44 -0500
Processing by PagesController#home as HTML
  Rendering pages/home.html.haml within layouts/application
  Rendered pages/home.html.haml within layouts/application (3.4ms)
  Rendered layouts/_navigation.html.haml (7.3ms)
  Rendered layouts/_messages.html.haml (2.9ms)
  Rendered layouts/_footer.html.haml (1.8ms)
Completed 200 OK in 571ms (Views: 568.7ms | ActiveRecord: 0.0ms)


